<?xml version="1.0" encoding="UTF-8"?>
<robot generator="Robot 3.1.2 (Python 3.8.2 on win32)" generated="20200317 18:59:21.094" rpa="false">
<suite id="s1" name="Tests" source="C:\Users\TechHuddle\Documents\Repository-Simona\tests">
<suite id="s1-s1" name="CategorySearchTest" source="C:\Users\TechHuddle\Documents\Repository-Simona\tests\CategorySearchTest.robot">
<test id="s1-s1-t1" name="Scenario: Search From Category">
<kw name="Open Chrome To Storefront" library="GlobalKeywords" type="setup">
<kw name="Create Webdriver" library="SeleniumLibrary">
<doc>Creates an instance of Selenium WebDriver.</doc>
<arguments>
<arg>Chrome</arg>
</arguments>
<msg timestamp="20200317 18:59:21.453" level="INFO">Creating an instance of the Chrome WebDriver.</msg>
<status status="PASS" starttime="20200317 18:59:21.453" endtime="20200317 18:59:23.820"></status>
</kw>
<kw name="Go To" library="SeleniumLibrary">
<doc>Navigates the current browser window to the provided ``url``.</doc>
<arguments>
<arg>${STOREFRONT_URL}</arg>
</arguments>
<msg timestamp="20200317 18:59:23.821" level="INFO">Opening url 'http://automationpractice.com/'</msg>
<status status="PASS" starttime="20200317 18:59:23.820" endtime="20200317 18:59:28.109"></status>
</kw>
<kw name="Maximize Browser Window" library="SeleniumLibrary">
<doc>Maximizes current browser window.</doc>
<status status="PASS" starttime="20200317 18:59:28.110" endtime="20200317 18:59:29.307"></status>
</kw>
<kw name="Set Selenium Speed" library="SeleniumLibrary">
<doc>Sets the delay that is waited after each Selenium command.</doc>
<arguments>
<arg>${DELAY}</arg>
</arguments>
<status status="PASS" starttime="20200317 18:59:29.307" endtime="20200317 18:59:29.308"></status>
</kw>
<status status="PASS" starttime="20200317 18:59:21.452" endtime="20200317 18:59:29.308"></status>
</kw>
<kw name="Given I Hover Over Women Category" library="CategoryKeywords">
<kw name="Mouse Down" library="SeleniumLibrary">
<doc>Simulates pressing the left mouse button on the element ``locator``.</doc>
<arguments>
<arg>${women_cat}</arg>
</arguments>
<msg timestamp="20200317 18:59:29.312" level="FAIL">Variable '${women_cat}' not found.</msg>
<status status="FAIL" starttime="20200317 18:59:29.310" endtime="20200317 18:59:29.312"></status>
</kw>
<status status="FAIL" starttime="20200317 18:59:29.309" endtime="20200317 18:59:29.313"></status>
</kw>
<status status="FAIL" starttime="20200317 18:59:21.451" endtime="20200317 18:59:29.313" critical="yes">Variable '${women_cat}' not found.</status>
</test>
<status status="FAIL" starttime="20200317 18:59:21.135" endtime="20200317 18:59:29.318"></status>
</suite>
<status status="FAIL" starttime="20200317 18:59:21.096" endtime="20200317 18:59:29.323"></status>
</suite>
<statistics>
<total>
<stat pass="0" fail="1">Critical Tests</stat>
<stat pass="0" fail="1">All Tests</stat>
</total>
<tag>
</tag>
<suite>
<stat pass="0" fail="1" id="s1" name="Tests">Tests</stat>
<stat pass="0" fail="1" id="s1-s1" name="CategorySearchTest">Tests.CategorySearchTest</stat>
</suite>
</statistics>
<errors>
<msg timestamp="20200317 18:59:21.433" level="ERROR">Error in file 'C:\Users\TechHuddle\Documents\Repository-Simona\main.robot': Variable file 'Variables\Locators\RegisterUserLocators.py' does not exist.</msg>
<msg timestamp="20200317 18:59:21.435" level="ERROR">Error in file 'C:\Users\TechHuddle\Documents\Repository-Simona\main.robot': Variable file 'Variables\Locators\SearchLocators.py' does not exist.</msg>
<msg timestamp="20200317 18:59:21.437" level="ERROR">Error in file 'C:\Users\TechHuddle\Documents\Repository-Simona\main.robot': Variable file 'Variables\Locators\CategorySearchLocators.py' does not exist.</msg>
<msg timestamp="20200317 18:59:21.439" level="ERROR">Error in file 'C:\Users\TechHuddle\Documents\Repository-Simona\main.robot': Variable file 'Variables\Locators\AddToCartLocators.py' does not exist.</msg>
</errors>
</robot>
