<?xml version="1.0" encoding="UTF-8"?>
<robot generator="Robot 3.1.2 (Python 3.8.2 on win32)" generated="20200429 19:25:32.851" rpa="false">
<suite id="s1" name="Tests" source="C:\Users\TechHuddle\Documents\Repository-Simona\tests">
<suite id="s1-s1" name="AddToCartTest" source="C:\Users\TechHuddle\Documents\Repository-Simona\tests\AddToCartTest.robot">
<test id="s1-s1-t1" name="Scenario: Add To Cart">
<kw name="Open Chrome To Storefront" library="GlobalKeywords" type="setup">
<kw name="Create Webdriver" library="SeleniumLibrary">
<doc>Creates an instance of Selenium WebDriver.</doc>
<arguments>
<arg>Chrome</arg>
</arguments>
<msg timestamp="20200429 19:25:33.451" level="INFO">Creating an instance of the Chrome WebDriver.</msg>
<status status="PASS" starttime="20200429 19:25:33.450" endtime="20200429 19:25:39.003"></status>
</kw>
<kw name="Go To" library="SeleniumLibrary">
<doc>Navigates the current browser window to the provided ``url``.</doc>
<arguments>
<arg>${STOREFRONT_URL}</arg>
</arguments>
<msg timestamp="20200429 19:25:39.004" level="INFO">Opening url 'http://automationpractice.com/'</msg>
<status status="PASS" starttime="20200429 19:25:39.004" endtime="20200429 19:25:43.062"></status>
</kw>
<kw name="Maximize Browser Window" library="SeleniumLibrary">
<doc>Maximizes current browser window.</doc>
<status status="PASS" starttime="20200429 19:25:43.062" endtime="20200429 19:25:47.199"></status>
</kw>
<kw name="Set Selenium Speed" library="SeleniumLibrary">
<doc>Sets the delay that is waited after each Selenium command.</doc>
<arguments>
<arg>${DELAY}</arg>
</arguments>
<status status="PASS" starttime="20200429 19:25:47.200" endtime="20200429 19:25:47.200"></status>
</kw>
<status status="PASS" starttime="20200429 19:25:33.449" endtime="20200429 19:25:47.201"></status>
</kw>
<kw name="Given I Navigate To Product Listing Page" library="AddToCartKeywords">
<kw name="Mouse Down" library="SeleniumLibrary">
<doc>Simulates pressing the left mouse button on the element ``locator``.</doc>
<arguments>
<arg>${section_w1}</arg>
</arguments>
<msg timestamp="20200429 19:25:47.205" level="INFO">Simulating Mouse Down on element 'xpath = //a[@title='Women']'.</msg>
<status status="PASS" starttime="20200429 19:25:47.203" endtime="20200429 19:25:49.149"></status>
</kw>
<kw name="Click Element" library="SeleniumLibrary">
<doc>Click the element identified by ``locator``.</doc>
<arguments>
<arg>${t_shirts}</arg>
</arguments>
<msg timestamp="20200429 19:25:49.150" level="INFO">Clicking element 'xpath = //a[@title='T-shirts']'.</msg>
<status status="PASS" starttime="20200429 19:25:49.149" endtime="20200429 19:25:52.573"></status>
</kw>
<status status="PASS" starttime="20200429 19:25:47.202" endtime="20200429 19:25:52.573"></status>
</kw>
<kw name="When I Click On A Product And Set Quantity And Size" library="AddToCartKeywords">
<kw name="Click Element" library="SeleniumLibrary">
<doc>Click the element identified by ``locator``.</doc>
<arguments>
<arg>${product}</arg>
</arguments>
<msg timestamp="20200429 19:25:52.574" level="INFO">Clicking element 'xpath = //div[@class='left-block']'.</msg>
<status status="PASS" starttime="20200429 19:25:52.574" endtime="20200429 19:25:54.355"></status>
</kw>
<kw name="Select Frame" library="SeleniumLibrary">
<doc>Sets frame identified by ``locator`` as the current frame.</doc>
<arguments>
<arg>//iframe</arg>
</arguments>
<msg timestamp="20200429 19:25:54.357" level="INFO">Selecting frame '//iframe'.</msg>
<status status="PASS" starttime="20200429 19:25:54.356" endtime="20200429 19:25:56.051"></status>
</kw>
<kw name="Click Element" library="SeleniumLibrary">
<doc>Click the element identified by ``locator``.</doc>
<arguments>
<arg>${quantity_element_plus}</arg>
</arguments>
<msg timestamp="20200429 19:25:56.052" level="INFO">Clicking element 'xpath = //a[contains(@class,'product_quantity_up')]'.</msg>
<status status="PASS" starttime="20200429 19:25:56.052" endtime="20200429 19:25:57.827"></status>
</kw>
<kw name="Select From List By Index" library="SeleniumLibrary">
<doc>Selects options from selection list ``locator`` by ``indexes``.</doc>
<arguments>
<arg>${size}</arg>
<arg>${category}</arg>
</arguments>
<msg timestamp="20200429 19:25:57.827" level="INFO">Selecting options from selection list 'xpath = //select[@id='group_1']' by index 1.</msg>
<status status="PASS" starttime="20200429 19:25:57.827" endtime="20200429 19:26:05.181"></status>
</kw>
<status status="PASS" starttime="20200429 19:25:52.574" endtime="20200429 19:26:05.181"></status>
</kw>
<kw name="Then I Can Add Product To Basket" library="AddToCartKeywords">
<kw name="Click Button" library="SeleniumLibrary">
<doc>Clicks the button identified by ``locator``.</doc>
<arguments>
<arg>${add_to_cart_button}</arg>
</arguments>
<msg timestamp="20200429 19:26:05.183" level="INFO">Clicking button 'xpath = //button[@name='Submit']'.</msg>
<status status="PASS" starttime="20200429 19:26:05.183" endtime="20200429 19:26:09.331"></status>
</kw>
<kw name="Wait Until Page Contains Element" library="SeleniumLibrary">
<doc>Waits until the element ``locator`` appears on the current page.</doc>
<arguments>
<arg>${message}</arg>
</arguments>
<status status="PASS" starttime="20200429 19:26:09.331" endtime="20200429 19:26:11.165"></status>
</kw>
<status status="PASS" starttime="20200429 19:26:05.182" endtime="20200429 19:26:11.165"></status>
</kw>
<status status="PASS" starttime="20200429 19:25:33.448" endtime="20200429 19:26:11.165" critical="yes"></status>
</test>
<status status="PASS" starttime="20200429 19:25:32.889" endtime="20200429 19:26:11.168"></status>
</suite>
<suite id="s1-s2" name="CategorySearchTest" source="C:\Users\TechHuddle\Documents\Repository-Simona\tests\CategorySearchTest.robot">
<test id="s1-s2-t1" name="Scenario: Search From Category">
<kw name="Open Chrome To Storefront" library="GlobalKeywords" type="setup">
<kw name="Create Webdriver" library="SeleniumLibrary">
<doc>Creates an instance of Selenium WebDriver.</doc>
<arguments>
<arg>Chrome</arg>
</arguments>
<msg timestamp="20200429 19:26:11.200" level="INFO">Creating an instance of the Chrome WebDriver.</msg>
<status status="PASS" starttime="20200429 19:26:11.199" endtime="20200429 19:26:16.583"></status>
</kw>
<kw name="Go To" library="SeleniumLibrary">
<doc>Navigates the current browser window to the provided ``url``.</doc>
<arguments>
<arg>${STOREFRONT_URL}</arg>
</arguments>
<msg timestamp="20200429 19:26:16.584" level="INFO">Opening url 'http://automationpractice.com/'</msg>
<status status="PASS" starttime="20200429 19:26:16.583" endtime="20200429 19:26:21.130"></status>
</kw>
<kw name="Maximize Browser Window" library="SeleniumLibrary">
<doc>Maximizes current browser window.</doc>
<status status="PASS" starttime="20200429 19:26:21.130" endtime="20200429 19:26:25.281"></status>
</kw>
<kw name="Set Selenium Speed" library="SeleniumLibrary">
<doc>Sets the delay that is waited after each Selenium command.</doc>
<arguments>
<arg>${DELAY}</arg>
</arguments>
<status status="PASS" starttime="20200429 19:26:25.281" endtime="20200429 19:26:25.282"></status>
</kw>
<status status="PASS" starttime="20200429 19:26:11.199" endtime="20200429 19:26:25.282"></status>
</kw>
<kw name="Given I Hover Over Women Category" library="CategoryKeywords">
<kw name="Mouse Down" library="SeleniumLibrary">
<doc>Simulates pressing the left mouse button on the element ``locator``.</doc>
<arguments>
<arg>${women_cat}</arg>
</arguments>
<msg timestamp="20200429 19:26:25.285" level="INFO">Simulating Mouse Down on element 'xpath = //a[@title='Women']'.</msg>
<status status="PASS" starttime="20200429 19:26:25.284" endtime="20200429 19:26:27.188"></status>
</kw>
<status status="PASS" starttime="20200429 19:26:25.283" endtime="20200429 19:26:27.188"></status>
</kw>
<kw name="And I Search For Blouses" library="CategoryKeywords">
<kw name="Click Element" library="SeleniumLibrary">
<doc>Click the element identified by ``locator``.</doc>
<arguments>
<arg>${blouses}</arg>
</arguments>
<msg timestamp="20200429 19:26:27.190" level="INFO">Clicking element 'xpath = //a[@title='Blouses']'.</msg>
<status status="PASS" starttime="20200429 19:26:27.190" endtime="20200429 19:26:31.352"></status>
</kw>
<status status="PASS" starttime="20200429 19:26:27.189" endtime="20200429 19:26:31.352"></status>
</kw>
<kw name="Then Products On Product Listing Page Correspond" library="CategoryKeywords">
<kw name="Wait Until Page Contains Element" library="SeleniumLibrary">
<doc>Waits until the element ``locator`` appears on the current page.</doc>
<arguments>
<arg>${category_name}</arg>
</arguments>
<status status="PASS" starttime="20200429 19:26:31.353" endtime="20200429 19:26:32.173"></status>
</kw>
<status status="PASS" starttime="20200429 19:26:31.353" endtime="20200429 19:26:32.173"></status>
</kw>
<status status="PASS" starttime="20200429 19:26:11.198" endtime="20200429 19:26:32.174" critical="yes"></status>
</test>
<status status="PASS" starttime="20200429 19:26:11.172" endtime="20200429 19:26:32.176"></status>
</suite>
<suite id="s1-s3" name="CheckTotalsTest" source="C:\Users\TechHuddle\Documents\Repository-Simona\tests\CheckTotalsTest.robot">
<test id="s1-s3-t1" name="Scenario: Check Totals Sum">
<kw name="Open Chrome To Storefront" library="GlobalKeywords" type="setup">
<kw name="Create Webdriver" library="SeleniumLibrary">
<doc>Creates an instance of Selenium WebDriver.</doc>
<arguments>
<arg>Chrome</arg>
</arguments>
<msg timestamp="20200429 19:26:32.208" level="INFO">Creating an instance of the Chrome WebDriver.</msg>
<status status="PASS" starttime="20200429 19:26:32.208" endtime="20200429 19:26:37.557"></status>
</kw>
<kw name="Go To" library="SeleniumLibrary">
<doc>Navigates the current browser window to the provided ``url``.</doc>
<arguments>
<arg>${STOREFRONT_URL}</arg>
</arguments>
<msg timestamp="20200429 19:26:37.558" level="INFO">Opening url 'http://automationpractice.com/'</msg>
<status status="PASS" starttime="20200429 19:26:37.557" endtime="20200429 19:26:42.409"></status>
</kw>
<kw name="Maximize Browser Window" library="SeleniumLibrary">
<doc>Maximizes current browser window.</doc>
<status status="PASS" starttime="20200429 19:26:42.409" endtime="20200429 19:26:46.543"></status>
</kw>
<kw name="Set Selenium Speed" library="SeleniumLibrary">
<doc>Sets the delay that is waited after each Selenium command.</doc>
<arguments>
<arg>${DELAY}</arg>
</arguments>
<status status="PASS" starttime="20200429 19:26:46.543" endtime="20200429 19:26:46.544"></status>
</kw>
<status status="PASS" starttime="20200429 19:26:32.208" endtime="20200429 19:26:46.545"></status>
</kw>
<kw name="Given I Have Added Products To The Basket" library="CheckTotalsKeywords">
<kw name="Mouse Down" library="SeleniumLibrary">
<doc>Simulates pressing the left mouse button on the element ``locator``.</doc>
<arguments>
<arg>${w1}</arg>
</arguments>
<msg timestamp="20200429 19:26:46.551" level="INFO">Simulating Mouse Down on element 'xpath = //a[@title='Women']'.</msg>
<status status="PASS" starttime="20200429 19:26:46.548" endtime="20200429 19:26:48.472"></status>
</kw>
<kw name="Click Element" library="SeleniumLibrary">
<doc>Click the element identified by ``locator``.</doc>
<arguments>
<arg>${t_sh}</arg>
</arguments>
<msg timestamp="20200429 19:26:48.472" level="INFO">Clicking element 'xpath = //a[@title='T-shirts']'.</msg>
<status status="PASS" starttime="20200429 19:26:48.472" endtime="20200429 19:26:51.668"></status>
</kw>
<kw name="Click Element" library="SeleniumLibrary">
<doc>Click the element identified by ``locator``.</doc>
<arguments>
<arg>${prod}</arg>
</arguments>
<msg timestamp="20200429 19:26:51.670" level="INFO">Clicking element 'xpath = //div[@class='left-block']'.</msg>
<status status="PASS" starttime="20200429 19:26:51.669" endtime="20200429 19:26:53.495"></status>
</kw>
<kw name="Select Frame" library="SeleniumLibrary">
<doc>Sets frame identified by ``locator`` as the current frame.</doc>
<arguments>
<arg>//iframe</arg>
</arguments>
<msg timestamp="20200429 19:26:53.495" level="INFO">Selecting frame '//iframe'.</msg>
<status status="PASS" starttime="20200429 19:26:53.495" endtime="20200429 19:26:55.780"></status>
</kw>
<kw name="Click Element" library="SeleniumLibrary">
<doc>Click the element identified by ``locator``.</doc>
<arguments>
<arg>${quant_el_pl}</arg>
</arguments>
<msg timestamp="20200429 19:26:55.781" level="INFO">Clicking element 'xpath = //a[contains(@class,'product_quantity_up')]'.</msg>
<status status="PASS" starttime="20200429 19:26:55.781" endtime="20200429 19:26:57.595"></status>
</kw>
<kw name="Select From List By Index" library="SeleniumLibrary">
<doc>Selects options from selection list ``locator`` by ``indexes``.</doc>
<arguments>
<arg>${siz}</arg>
<arg>${categ}</arg>
</arguments>
<msg timestamp="20200429 19:26:57.595" level="INFO">Selecting options from selection list 'xpath = //select[@id='group_1']' by index 1.</msg>
<status status="PASS" starttime="20200429 19:26:57.595" endtime="20200429 19:27:04.948"></status>
</kw>
<kw name="Click Button" library="SeleniumLibrary">
<doc>Clicks the button identified by ``locator``.</doc>
<arguments>
<arg>${add_to_cart_button}</arg>
</arguments>
<msg timestamp="20200429 19:27:04.949" level="INFO">Clicking button 'xpath = //button[@name='Submit']'.</msg>
<status status="PASS" starttime="20200429 19:27:04.948" endtime="20200429 19:27:09.100"></status>
</kw>
<kw name="Wait Until Page Contains Element" library="SeleniumLibrary">
<doc>Waits until the element ``locator`` appears on the current page.</doc>
<arguments>
<arg>${mess}</arg>
</arguments>
<status status="PASS" starttime="20200429 19:27:09.100" endtime="20200429 19:27:10.934"></status>
</kw>
<status status="PASS" starttime="20200429 19:26:46.546" endtime="20200429 19:27:10.934"></status>
</kw>
<kw name="When I Am On Checkout" library="CheckTotalsKeywords">
<kw name="Click Element" library="SeleniumLibrary">
<doc>Click the element identified by ``locator``.</doc>
<arguments>
<arg>${checkot}</arg>
</arguments>
<msg timestamp="20200429 19:27:10.935" level="INFO">Clicking element 'xpath = //a[@title='Proceed to checkout']'.</msg>
<status status="PASS" starttime="20200429 19:27:10.935" endtime="20200429 19:27:13.751"></status>
</kw>
<kw name="Wait Until Page Contains Element" library="SeleniumLibrary">
<doc>Waits until the element ``locator`` appears on the current page.</doc>
<arguments>
<arg>${ptext}</arg>
</arguments>
<status status="PASS" starttime="20200429 19:27:13.751" endtime="20200429 19:27:14.577"></status>
</kw>
<status status="PASS" starttime="20200429 19:27:10.935" endtime="20200429 19:27:14.577"></status>
</kw>
<kw name="Then Totals Are Equal" library="CheckTotalsKeywords">
<kw name="Get Text" library="SeleniumLibrary">
<doc>Returns the text value of the element identified by ``locator``.</doc>
<arguments>
<arg>${product_price}</arg>
</arguments>
<assign>
<var>${unit_price}</var>
</assign>
<msg timestamp="20200429 19:27:16.213" level="INFO">${unit_price} = $16.51</msg>
<status status="PASS" starttime="20200429 19:27:14.578" endtime="20200429 19:27:16.213"></status>
</kw>
<kw name="Remove Dollar Sign From Price" library="CheckTotals">
<arguments>
<arg>${unit_price}</arg>
</arguments>
<assign>
<var>${unit_price_without_dollar}</var>
</assign>
<msg timestamp="20200429 19:27:16.213" level="INFO">${unit_price_without_dollar} = 16.51</msg>
<status status="PASS" starttime="20200429 19:27:16.213" endtime="20200429 19:27:16.213"></status>
</kw>
<kw name="Calculate Unit Total Price" library="CheckTotals">
<arguments>
<arg>${unit_price_without_dollar}</arg>
<arg>${NUMBER_2}</arg>
</arguments>
<assign>
<var>${unit_total_price_calculated}</var>
</assign>
<msg timestamp="20200429 19:27:16.214" level="INFO">${unit_total_price_calculated} = 33.02</msg>
<status status="PASS" starttime="20200429 19:27:16.214" endtime="20200429 19:27:16.214"></status>
</kw>
<kw name="Get Text" library="SeleniumLibrary">
<doc>Returns the text value of the element identified by ``locator``.</doc>
<arguments>
<arg>${tp}</arg>
</arguments>
<assign>
<var>${total_price}</var>
</assign>
<msg timestamp="20200429 19:27:17.848" level="INFO">${total_price} = $33.02</msg>
<status status="PASS" starttime="20200429 19:27:16.214" endtime="20200429 19:27:17.848"></status>
</kw>
<kw name="Remove Dollar Sign From Price" library="CheckTotals">
<arguments>
<arg>${total_price}</arg>
</arguments>
<assign>
<var>${total_price_without_dollar}</var>
</assign>
<msg timestamp="20200429 19:27:17.848" level="INFO">${total_price_without_dollar} = 33.02</msg>
<status status="PASS" starttime="20200429 19:27:17.848" endtime="20200429 19:27:17.848"></status>
</kw>
<kw name="Should Be Equal As Numbers" library="BuiltIn">
<doc>Fails if objects are unequal after converting them to real numbers.</doc>
<arguments>
<arg>${unit_total_price_calculated}</arg>
<arg>${total_price_without_dollar}</arg>
</arguments>
<msg timestamp="20200429 19:27:17.849" level="INFO">Argument types are:
&lt;class 'float'&gt;
&lt;type 'unicode'&gt;</msg>
<status status="PASS" starttime="20200429 19:27:17.848" endtime="20200429 19:27:17.849"></status>
</kw>
<status status="PASS" starttime="20200429 19:27:14.578" endtime="20200429 19:27:17.849"></status>
</kw>
<status status="PASS" starttime="20200429 19:26:32.206" endtime="20200429 19:27:17.850" critical="yes"></status>
</test>
<status status="PASS" starttime="20200429 19:26:32.180" endtime="20200429 19:27:17.852"></status>
</suite>
<suite id="s1-s4" name="NegativeRegistration" source="C:\Users\TechHuddle\Documents\Repository-Simona\tests\NegativeRegistration.robot">
<test id="s1-s4-t1" name="Scenario Outline: Unsuccessful Registration Of A Customer - Invalid Information">
<kw name="Open Chrome To Storefront" library="GlobalKeywords" type="setup">
<kw name="Create Webdriver" library="SeleniumLibrary">
<doc>Creates an instance of Selenium WebDriver.</doc>
<arguments>
<arg>Chrome</arg>
</arguments>
<msg timestamp="20200429 19:27:17.885" level="INFO">Creating an instance of the Chrome WebDriver.</msg>
<status status="PASS" starttime="20200429 19:27:17.885" endtime="20200429 19:27:23.439"></status>
</kw>
<kw name="Go To" library="SeleniumLibrary">
<doc>Navigates the current browser window to the provided ``url``.</doc>
<arguments>
<arg>${STOREFRONT_URL}</arg>
</arguments>
<msg timestamp="20200429 19:27:23.439" level="INFO">Opening url 'http://automationpractice.com/'</msg>
<status status="PASS" starttime="20200429 19:27:23.439" endtime="20200429 19:27:27.252"></status>
</kw>
<kw name="Maximize Browser Window" library="SeleniumLibrary">
<doc>Maximizes current browser window.</doc>
<status status="PASS" starttime="20200429 19:27:27.253" endtime="20200429 19:27:31.464"></status>
</kw>
<kw name="Set Selenium Speed" library="SeleniumLibrary">
<doc>Sets the delay that is waited after each Selenium command.</doc>
<arguments>
<arg>${DELAY}</arg>
</arguments>
<status status="PASS" starttime="20200429 19:27:31.464" endtime="20200429 19:27:31.465"></status>
</kw>
<status status="PASS" starttime="20200429 19:27:17.885" endtime="20200429 19:27:31.465"></status>
</kw>
<kw name="Given I Am Registering A Customer With Invalid Data" library="NegativeRegistrationKeywords">
<kw name="Click Element" library="SeleniumLibrary">
<doc>Click the element identified by ``locator``.</doc>
<arguments>
<arg>${top_navigation_sign_in}</arg>
</arguments>
<msg timestamp="20200429 19:27:31.468" level="INFO">Clicking element 'xpath = //a[contains(@class,'login')]'.</msg>
<status status="PASS" starttime="20200429 19:27:31.468" endtime="20200429 19:27:38.284"></status>
</kw>
<status status="PASS" starttime="20200429 19:27:31.467" endtime="20200429 19:27:38.284"></status>
</kw>
<kw name="And I Am Entering Invalid Information" library="NegativeRegistrationKeywords">
<kw name="Input Text" library="SeleniumLibrary">
<doc>Types the given ``text`` into the text field identified by ``locator``.</doc>
<arguments>
<arg>${email}</arg>
<arg>${invalid_email}</arg>
</arguments>
<msg timestamp="20200429 19:27:38.285" level="INFO">Typing text 'simona.test.abv.bg' into text field 'xpath = //input[@id='email_create']'.</msg>
<status status="PASS" starttime="20200429 19:27:38.285" endtime="20200429 19:27:40.921"></status>
</kw>
<status status="PASS" starttime="20200429 19:27:38.285" endtime="20200429 19:27:40.921"></status>
</kw>
<kw name="Then The Registration Is Not Successful" library="NegativeRegistrationKeywords">
<kw name="Click Element" library="SeleniumLibrary">
<doc>Click the element identified by ``locator``.</doc>
<arguments>
<arg>${button_c_a}</arg>
</arguments>
<msg timestamp="20200429 19:27:40.923" level="INFO">Clicking element 'xpath = //button[@id='SubmitCreate']'.</msg>
<status status="PASS" starttime="20200429 19:27:40.923" endtime="20200429 19:27:42.637"></status>
</kw>
<status status="PASS" starttime="20200429 19:27:40.922" endtime="20200429 19:27:42.637"></status>
</kw>
<status status="PASS" starttime="20200429 19:27:17.883" endtime="20200429 19:27:42.638" critical="yes"></status>
</test>
<status status="PASS" starttime="20200429 19:27:17.856" endtime="20200429 19:27:42.642"></status>
</suite>
<suite id="s1-s5" name="RegisterUserTests" source="C:\Users\TechHuddle\Documents\Repository-Simona\tests\RegisterUserTests.robot">
<test id="s1-s5-t1" name="Scenario: Successful Registration Of A Customer">
<kw name="Open Chrome To Storefront" library="GlobalKeywords" type="setup">
<kw name="Create Webdriver" library="SeleniumLibrary">
<doc>Creates an instance of Selenium WebDriver.</doc>
<arguments>
<arg>Chrome</arg>
</arguments>
<msg timestamp="20200429 19:27:42.679" level="INFO">Creating an instance of the Chrome WebDriver.</msg>
<status status="PASS" starttime="20200429 19:27:42.679" endtime="20200429 19:27:48.161"></status>
</kw>
<kw name="Go To" library="SeleniumLibrary">
<doc>Navigates the current browser window to the provided ``url``.</doc>
<arguments>
<arg>${STOREFRONT_URL}</arg>
</arguments>
<msg timestamp="20200429 19:27:48.162" level="INFO">Opening url 'http://automationpractice.com/'</msg>
<status status="PASS" starttime="20200429 19:27:48.161" endtime="20200429 19:27:52.269"></status>
</kw>
<kw name="Maximize Browser Window" library="SeleniumLibrary">
<doc>Maximizes current browser window.</doc>
<status status="PASS" starttime="20200429 19:27:52.269" endtime="20200429 19:27:56.447"></status>
</kw>
<kw name="Set Selenium Speed" library="SeleniumLibrary">
<doc>Sets the delay that is waited after each Selenium command.</doc>
<arguments>
<arg>${DELAY}</arg>
</arguments>
<status status="PASS" starttime="20200429 19:27:56.448" endtime="20200429 19:27:56.449"></status>
</kw>
<status status="PASS" starttime="20200429 19:27:42.678" endtime="20200429 19:27:56.449"></status>
</kw>
<kw name="Given I Am Registering A Customer With Valid Data" library="RegisterUserKeywords">
<kw name="Click Element" library="SeleniumLibrary">
<doc>Click the element identified by ``locator``.</doc>
<arguments>
<arg>${sign_in_button_home_page}</arg>
</arguments>
<msg timestamp="20200429 19:27:56.485" level="INFO">Clicking element 'xpath = //a[contains(@class,'login')]'.</msg>
<status status="PASS" starttime="20200429 19:27:56.485" endtime="20200429 19:27:59.691"></status>
</kw>
<kw name="Create Random Email" library="GlobalKeywords">
<kw name="Generate Random String" library="String">
<doc>Generates a string with a desired ``length`` from the given ``chars``.</doc>
<arguments>
<arg>${NUMBER_8}</arg>
<arg>[LOWER]</arg>
</arguments>
<assign>
<var>${user_email_part_1}</var>
</assign>
<msg timestamp="20200429 19:27:59.695" level="INFO">${user_email_part_1} = ofrzfdfa</msg>
<status status="PASS" starttime="20200429 19:27:59.693" endtime="20200429 19:27:59.695"></status>
</kw>
<kw name="Catenate" library="BuiltIn">
<doc>Catenates the given items together and returns the resulted string.</doc>
<arguments>
<arg>SEPARATOR=</arg>
<arg>${user_email_part_1}</arg>
<arg>${user_email_part_2}</arg>
</arguments>
<assign>
<var>${user_email}</var>
</assign>
<msg timestamp="20200429 19:27:59.697" level="INFO">${user_email} = ofrzfdfa@gmail.com</msg>
<status status="PASS" starttime="20200429 19:27:59.696" endtime="20200429 19:27:59.697"></status>
</kw>
<kw name="Set Test Variable" library="BuiltIn">
<doc>Makes a variable available everywhere within the scope of the current test.</doc>
<arguments>
<arg>${user_email}</arg>
</arguments>
<msg timestamp="20200429 19:27:59.699" level="INFO">${user_email} = ofrzfdfa@gmail.com</msg>
<status status="PASS" starttime="20200429 19:27:59.698" endtime="20200429 19:27:59.699"></status>
</kw>
<status status="PASS" starttime="20200429 19:27:59.692" endtime="20200429 19:27:59.699"></status>
</kw>
<kw name="Input Text" library="SeleniumLibrary">
<doc>Types the given ``text`` into the text field identified by ``locator``.</doc>
<arguments>
<arg>${email_field}</arg>
<arg>${user_email}</arg>
</arguments>
<msg timestamp="20200429 19:27:59.701" level="INFO">Typing text 'ofrzfdfa@gmail.com' into text field 'xpath = //input[@id='email_create']'.</msg>
<status status="PASS" starttime="20200429 19:27:59.700" endtime="20200429 19:28:02.379"></status>
</kw>
<kw name="Click Element" library="SeleniumLibrary">
<doc>Click the element identified by ``locator``.</doc>
<arguments>
<arg>${create_account_button}</arg>
</arguments>
<msg timestamp="20200429 19:28:02.382" level="INFO">Clicking element 'xpath = //button[@id='SubmitCreate']'.</msg>
<status status="PASS" starttime="20200429 19:28:02.380" endtime="20200429 19:28:04.084"></status>
</kw>
<kw name="Wait Until Page Contains Element" library="SeleniumLibrary">
<doc>Waits until the element ``locator`` appears on the current page.</doc>
<arguments>
<arg>${your_personal_information}</arg>
</arguments>
<status status="PASS" starttime="20200429 19:28:04.084" endtime="20200429 19:28:04.902"></status>
</kw>
<status status="PASS" starttime="20200429 19:27:56.483" endtime="20200429 19:28:04.902"></status>
</kw>
<kw name="And I Am Entering Valid Information" library="RegisterUserKeywords">
<kw name="Input Text" library="SeleniumLibrary">
<doc>Types the given ``text`` into the text field identified by ``locator``.</doc>
<arguments>
<arg>${first_name1}</arg>
<arg>${user_name}</arg>
</arguments>
<msg timestamp="20200429 19:28:04.905" level="INFO">Typing text 'Simona' into text field 'xpath = //input[@id='customer_firstname']'.</msg>
<status status="PASS" starttime="20200429 19:28:04.904" endtime="20200429 19:28:07.491"></status>
</kw>
<kw name="Input Text" library="SeleniumLibrary">
<doc>Types the given ``text`` into the text field identified by ``locator``.</doc>
<arguments>
<arg>${last_name}</arg>
<arg>${family_name}</arg>
</arguments>
<msg timestamp="20200429 19:28:07.492" level="INFO">Typing text 'Dragoeva' into text field 'xpath = //input[@id='customer_lastname']'.</msg>
<status status="PASS" starttime="20200429 19:28:07.491" endtime="20200429 19:28:10.075"></status>
</kw>
<kw name="Input Text" library="SeleniumLibrary">
<doc>Types the given ``text`` into the text field identified by ``locator``.</doc>
<arguments>
<arg>${password}</arg>
<arg>${passwd}</arg>
</arguments>
<msg timestamp="20200429 19:28:10.076" level="INFO">Typing text 'Admin123' into text field 'xpath = //input[@id='passwd']'.</msg>
<status status="PASS" starttime="20200429 19:28:10.075" endtime="20200429 19:28:12.652"></status>
</kw>
<kw name="Input Text" library="SeleniumLibrary">
<doc>Types the given ``text`` into the text field identified by ``locator``.</doc>
<arguments>
<arg>${address}</arg>
<arg>${adr}</arg>
</arguments>
<msg timestamp="20200429 19:28:12.653" level="INFO">Typing text 'TestingAddress' into text field 'xpath = //input[@id='address1']'.</msg>
<status status="PASS" starttime="20200429 19:28:12.652" endtime="20200429 19:28:15.299"></status>
</kw>
<kw name="Input Text" library="SeleniumLibrary">
<doc>Types the given ``text`` into the text field identified by ``locator``.</doc>
<arguments>
<arg>${city}</arg>
<arg>${cty}</arg>
</arguments>
<msg timestamp="20200429 19:28:15.300" level="INFO">Typing text 'Sofia' into text field 'xpath = //input[@id='city']'.</msg>
<status status="PASS" starttime="20200429 19:28:15.299" endtime="20200429 19:28:17.863"></status>
</kw>
<kw name="Select From List By Index" library="SeleniumLibrary">
<doc>Selects options from selection list ``locator`` by ``indexes``.</doc>
<arguments>
<arg>${state}</arg>
<arg>${option}</arg>
</arguments>
<msg timestamp="20200429 19:28:17.864" level="INFO">Selecting options from selection list 'xpath = //select[@id='id_state']' by index 10.</msg>
<status status="PASS" starttime="20200429 19:28:17.863" endtime="20200429 19:28:32.471"></status>
</kw>
<kw name="Input Text" library="SeleniumLibrary">
<doc>Types the given ``text`` into the text field identified by ``locator``.</doc>
<arguments>
<arg>${postal_code}</arg>
<arg>${post_c}</arg>
</arguments>
<msg timestamp="20200429 19:28:32.471" level="INFO">Typing text '12345' into text field 'xpath = //input[@id='postcode']'.</msg>
<status status="PASS" starttime="20200429 19:28:32.471" endtime="20200429 19:28:35.044"></status>
</kw>
<kw name="Input Text" library="SeleniumLibrary">
<doc>Types the given ``text`` into the text field identified by ``locator``.</doc>
<arguments>
<arg>${mobile_phone}</arg>
<arg>${mobile}</arg>
</arguments>
<msg timestamp="20200429 19:28:35.045" level="INFO">Typing text '0258741369' into text field 'xpath = //input[@id='phone_mobile']'.</msg>
<status status="PASS" starttime="20200429 19:28:35.044" endtime="20200429 19:28:37.655"></status>
</kw>
<kw name="Input Text" library="SeleniumLibrary">
<doc>Types the given ``text`` into the text field identified by ``locator``.</doc>
<arguments>
<arg>${assign_address}</arg>
<arg>${alias}</arg>
</arguments>
<msg timestamp="20200429 19:28:37.657" level="INFO">Typing text 'Test_alias' into text field 'xpath = //input[@id='alias']'.</msg>
<status status="PASS" starttime="20200429 19:28:37.656" endtime="20200429 19:28:40.292"></status>
</kw>
<status status="PASS" starttime="20200429 19:28:04.903" endtime="20200429 19:28:40.292"></status>
</kw>
<kw name="Then The Registration Is Successful" library="RegisterUserKeywords">
<kw name="Click Element" library="SeleniumLibrary">
<doc>Click the element identified by ``locator``.</doc>
<arguments>
<arg>${register_button}</arg>
</arguments>
<msg timestamp="20200429 19:28:40.294" level="INFO">Clicking element 'xpath = //button[@id='submitAccount']'.</msg>
<status status="PASS" starttime="20200429 19:28:40.293" endtime="20200429 19:28:43.653"></status>
</kw>
<status status="PASS" starttime="20200429 19:28:40.293" endtime="20200429 19:28:43.653"></status>
</kw>
<status status="PASS" starttime="20200429 19:27:42.677" endtime="20200429 19:28:43.654" critical="yes"></status>
</test>
<status status="PASS" starttime="20200429 19:27:42.646" endtime="20200429 19:28:43.657"></status>
</suite>
<suite id="s1-s6" name="SearchTests" source="C:\Users\TechHuddle\Documents\Repository-Simona\tests\SearchTests.robot">
<test id="s1-s6-t1" name="Scenario: Successful Serach For An Item">
<kw name="Open Chrome To Storefront" library="GlobalKeywords" type="setup">
<kw name="Create Webdriver" library="SeleniumLibrary">
<doc>Creates an instance of Selenium WebDriver.</doc>
<arguments>
<arg>Chrome</arg>
</arguments>
<msg timestamp="20200429 19:28:43.697" level="INFO">Creating an instance of the Chrome WebDriver.</msg>
<status status="PASS" starttime="20200429 19:28:43.697" endtime="20200429 19:28:49.060"></status>
</kw>
<kw name="Go To" library="SeleniumLibrary">
<doc>Navigates the current browser window to the provided ``url``.</doc>
<arguments>
<arg>${STOREFRONT_URL}</arg>
</arguments>
<msg timestamp="20200429 19:28:49.060" level="INFO">Opening url 'http://automationpractice.com/'</msg>
<status status="PASS" starttime="20200429 19:28:49.060" endtime="20200429 19:28:56.297"></status>
</kw>
<kw name="Maximize Browser Window" library="SeleniumLibrary">
<doc>Maximizes current browser window.</doc>
<status status="PASS" starttime="20200429 19:28:56.298" endtime="20200429 19:29:00.458"></status>
</kw>
<kw name="Set Selenium Speed" library="SeleniumLibrary">
<doc>Sets the delay that is waited after each Selenium command.</doc>
<arguments>
<arg>${DELAY}</arg>
</arguments>
<status status="PASS" starttime="20200429 19:29:00.458" endtime="20200429 19:29:00.459"></status>
</kw>
<status status="PASS" starttime="20200429 19:28:43.696" endtime="20200429 19:29:00.460"></status>
</kw>
<kw name="Given I Am On The Search Field" library="SearchKeyword">
<kw name="Input Text" library="SeleniumLibrary">
<doc>Types the given ``text`` into the text field identified by ``locator``.</doc>
<arguments>
<arg>${type_in_search_field}</arg>
<arg>${sf}</arg>
</arguments>
<msg timestamp="20200429 19:29:00.468" level="INFO">Typing text 'dresses' into text field 'xpath = //input [@id='search_query_top']'.</msg>
<status status="PASS" starttime="20200429 19:29:00.466" endtime="20200429 19:29:03.053"></status>
</kw>
<status status="PASS" starttime="20200429 19:29:00.465" endtime="20200429 19:29:03.053"></status>
</kw>
<kw name="And I Am Entering Valid Information For This Search" library="SearchKeyword">
<kw name="Press Keys" library="SeleniumLibrary">
<doc>Simulates the user pressing key(s) to an element or on the active browser.</doc>
<arguments>
<arg>${search_icon}</arg>
<arg>\\13</arg>
</arguments>
<msg timestamp="20200429 19:29:03.056" level="INFO">Sending key(s) ('\\13',) to xpath = //button[@name='submit_search'] element.</msg>
<msg timestamp="20200429 19:29:06.357" level="INFO">Sending keys \13</msg>
<status status="PASS" starttime="20200429 19:29:03.055" endtime="20200429 19:29:07.186"></status>
</kw>
<status status="PASS" starttime="20200429 19:29:03.055" endtime="20200429 19:29:07.186"></status>
</kw>
<kw name="Then The Search Is Successful" library="SearchKeyword">
<kw name="Wait Until Page Contains Element" library="SeleniumLibrary">
<doc>Waits until the element ``locator`` appears on the current page.</doc>
<arguments>
<arg>${search_result}</arg>
</arguments>
<status status="PASS" starttime="20200429 19:29:07.187" endtime="20200429 19:29:08.003"></status>
</kw>
<status status="PASS" starttime="20200429 19:29:07.187" endtime="20200429 19:29:08.003"></status>
</kw>
<status status="PASS" starttime="20200429 19:28:43.695" endtime="20200429 19:29:08.004" critical="yes"></status>
</test>
<status status="PASS" starttime="20200429 19:28:43.662" endtime="20200429 19:29:08.006"></status>
</suite>
<status status="PASS" starttime="20200429 19:25:32.854" endtime="20200429 19:29:08.010"></status>
</suite>
<statistics>
<total>
<stat pass="6" fail="0">Critical Tests</stat>
<stat pass="6" fail="0">All Tests</stat>
</total>
<tag>
</tag>
<suite>
<stat pass="6" fail="0" id="s1" name="Tests">Tests</stat>
<stat pass="1" fail="0" id="s1-s1" name="AddToCartTest">Tests.AddToCartTest</stat>
<stat pass="1" fail="0" id="s1-s2" name="CategorySearchTest">Tests.CategorySearchTest</stat>
<stat pass="1" fail="0" id="s1-s3" name="CheckTotalsTest">Tests.CheckTotalsTest</stat>
<stat pass="1" fail="0" id="s1-s4" name="NegativeRegistration">Tests.NegativeRegistration</stat>
<stat pass="1" fail="0" id="s1-s5" name="RegisterUserTests">Tests.RegisterUserTests</stat>
<stat pass="1" fail="0" id="s1-s6" name="SearchTests">Tests.SearchTests</stat>
</suite>
</statistics>
<errors>
</errors>
</robot>
